<?xml version="1.0" encoding="UTF-8"?>
<!-- Generated by org.testng.reporters.JUnitReportReporter -->
<testsuite skipped="0" hostname="Vani-PC" name="com.testingdocs.examples.selenium.SearchBing" tests="1" failures="0" timestamp="15 Aug 2017 17:09:05 GMT" time="45.766" errors="0">
  <testcase name="Search_Bing" time="45.766" classname="com.testingdocs.examples.selenium.SearchBing"/>
</testsuite> <!-- com.testingdocs.examples.selenium.SearchBing -->
