<?xml version="1.0" encoding="UTF-8"?>
<!-- Generated by org.testng.reporters.JUnitReportReporter -->
<testsuite skipped="0" hostname="Vani-PC" name="com.testingdocs.examples.selenium.SearchWeb" tests="2" failures="0" timestamp="18 Aug 2017 12:16:53 GMT" time="33.497" errors="0">
  <testcase name="SearchGoogle" time="13.129" classname="com.testingdocs.examples.selenium.SearchWeb"/>
  <testcase name="SearchBing" time="20.368" classname="com.testingdocs.examples.selenium.SearchWeb"/>
</testsuite> <!-- com.testingdocs.examples.selenium.SearchWeb -->
