<?xml version="1.0" encoding="UTF-8"?>
<!-- Generated by org.testng.reporters.JUnitReportReporter -->
<testsuite skipped="0" hostname="Vani-PC" name="com.testingdocs.examples.selenium.SearchWeb" tests="1" failures="0" timestamp="16 Aug 2017 11:31:00 GMT" time="44.920" errors="0">
  <testcase name="Search_Bing" time="44.920" classname="com.testingdocs.examples.selenium.SearchWeb"/>
</testsuite> <!-- com.testingdocs.examples.selenium.SearchWeb -->
