<?xml version="1.0" encoding="UTF-8"?>
<!-- Generated by org.testng.reporters.JUnitReportReporter -->
<testsuite skipped="0" hostname="Vani-PC" name="com.testingdocs.examples.selenium.SearchWeb" tests="2" failures="0" timestamp="18 Aug 2017 07:36:29 GMT" time="46.543" errors="0">
  <testcase name="SearchGoogle" time="13.756" classname="com.testingdocs.examples.selenium.SearchWeb"/>
  <testcase name="SearchBing" time="32.787" classname="com.testingdocs.examples.selenium.SearchWeb"/>
</testsuite> <!-- com.testingdocs.examples.selenium.SearchWeb -->
